<?xml version="1.0" encoding="UTF-8"?>
<!-- Generated by org.testng.reporters.JUnitReportReporter -->
<testsuite skipped="0" hostname="DESKTOP-7VP1M3O" name="testRunner.RunnerClass" tests="1" failures="0" timestamp="08 Jan 2019 00:26:13 GMT" time="10.412" errors="0">
  <testcase name="feature" time="10.412" classname="testRunner.RunnerClass"/>
</testsuite> <!-- testRunner.RunnerClass -->
