<?xml version="1.0" encoding="UTF-8"?>
<!-- Generated by org.testng.reporters.JUnitReportReporter -->
<testsuite hostname="DESKTOP-7VP1M3O" name="testRunner.RunnerClass" tests="1" failures="0" timestamp="6 Feb 2019 16:58:28 GMT" time="13.403" errors="0">
  <testcase name="feature" time="13.403" classname="testRunner.RunnerClass"/>
</testsuite> <!-- testRunner.RunnerClass -->
